<?xml version="1.0" encoding="UTF-8"?>
<testsuite xmlns:xsi="http://www.w3.org/2001/XMLSchema-instance" xsi:noNamespaceSchemaLocation="https://maven.apache.org/surefire/maven-surefire-plugin/xsd/surefire-test-report-3.0.xsd" version="3.0" name="testandohelper.HelperMethodsTest" time="0.05" tests="5" errors="0" skipped="0" failures="0">
  <properties>
[...]
</properties>
  <testcase name="testAdicionarOficinaDuplicada" classname="testandohelper.HelperMethodsTest" time="0.021"/>
  <testcase name="testCadastrarMotoboyEntradaVazia" classname="testandohelper.HelperMethodsTest" time="0.002"/>
  <testcase name="testInteracaoMotoboyComOficina" classname="testandohelper.HelperMethodsTest" time="0.002"/>
  <testcase name="testCadastrarMotoboyDuplicado" classname="testandohelper.HelperMethodsTest" time="0.001"/>
  <testcase name="testAdicionarOficinaEntradaVazia" classname="testandohelper.HelperMethodsTest" time="0.001"/>
</testsuite>