<?xml version="1.0" encoding="UTF-8"?>
<testsuite xmlns:xsi="http://www.w3.org/2001/XMLSchema-instance" xsi:noNamespaceSchemaLocation="https://maven.apache.org/surefire/maven-surefire-plugin/xsd/surefire-test-report-3.0.xsd" version="3.0" name="testandohelper.UserManagerTest" time="0.255" tests="19" errors="0" skipped="0" failures="0">
  <properties>
[...]
</properties>
  <testcase name="testFindUserByEmailNotFound" classname="testandohelper.UserManagerTest" time="0.008">
    <system-out><![CDATA[Usuario añadido: Alice
]]></system-out>
  </testcase>
  <testcase name="testAddUser" classname="testandohelper.UserManagerTest" time="0.004">
    <system-out><![CDATA[Usuario añadido: Alice
]]></system-out>
  </testcase>
  <testcase name="testClearAllUsers" classname="testandohelper.UserManagerTest" time="0.007">
    <system-out><![CDATA[Usuario añadido: Alice
Usuario añadido: Bob
Todos los usuarios han sido eliminados.
]]></system-out>
  </testcase>
  <testcase name="testChangePasswordInvalid" classname="testandohelper.UserManagerTest" time="0.003">
    <system-out><![CDATA[Usuario añadido: Alice
]]></system-out>
  </testcase>
  <testcase name="testSearchUsers" classname="testandohelper.UserManagerTest" time="0.003">
    <system-out><![CDATA[Usuario añadido: Alice
Usuario añadido: Bob
]]></system-out>
  </testcase>
  <testcase name="testFindUserByName" classname="testandohelper.UserManagerTest" time="0.007">
    <system-out><![CDATA[Usuario añadido: Alice
]]></system-out>
  </testcase>
  <testcase name="testGetAllUsers" classname="testandohelper.UserManagerTest" time="0.003">
    <system-out><![CDATA[Usuario añadido: Alice
Usuario añadido: Bob
]]></system-out>
  </testcase>
  <testcase name="testDeactivateUser" classname="testandohelper.UserManagerTest" time="0.005">
    <system-out><![CDATA[Usuario añadido: Alice
Usuario desactivado: alice@example.com
]]></system-out>
  </testcase>
  <testcase name="testUpdateUser" classname="testandohelper.UserManagerTest" time="0.014">
    <system-out><![CDATA[Usuario añadido: Alice
Usuario actualizado: Alice Smith
]]></system-out>
  </testcase>
  <testcase name="testPrintAllUsers" classname="testandohelper.UserManagerTest" time="0.046">
    <system-out><![CDATA[Usuario añadido: Alice
Usuario añadido: Bob
User{name='Alice', email='alice@example.com'}
User{name='Bob', email='bob@example.com'}
]]></system-out>
  </testcase>
  <testcase name="testChangePassword" classname="testandohelper.UserManagerTest" time="0.004">
    <system-out><![CDATA[Usuario añadido: Alice
Contraseña actualizada para: alice@example.com
]]></system-out>
  </testcase>
  <testcase name="testAddUserWithDuplicateEmail" classname="testandohelper.UserManagerTest" time="0.014">
    <system-out><![CDATA[Usuario añadido: Alice
]]></system-out>
  </testcase>
  <testcase name="testUpdateUserEmailConflict" classname="testandohelper.UserManagerTest" time="0.019">
    <system-out><![CDATA[Usuario añadido: Alice
Usuario añadido: Bob
]]></system-out>
  </testcase>
  <testcase name="testActivateUser" classname="testandohelper.UserManagerTest" time="0.008">
    <system-out><![CDATA[Usuario añadido: Alice
Usuario activado: alice@example.com
]]></system-out>
  </testcase>
  <testcase name="testIsEmailTaken" classname="testandohelper.UserManagerTest" time="0.004">
    <system-out><![CDATA[Usuario añadido: Alice
]]></system-out>
  </testcase>
  <testcase name="testDeleteUser" classname="testandohelper.UserManagerTest" time="0.003">
    <system-out><![CDATA[Usuario añadido: Alice
Usuario eliminado: alice@example.com
]]></system-out>
  </testcase>
  <testcase name="testFindUserByEmail" classname="testandohelper.UserManagerTest" time="0.004">
    <system-out><![CDATA[Usuario añadido: Alice
]]></system-out>
  </testcase>
  <testcase name="testGetActiveUsers" classname="testandohelper.UserManagerTest" time="0.006">
    <system-out><![CDATA[Usuario añadido: Alice
Usuario añadido: Bob
]]></system-out>
  </testcase>
  <testcase name="testDeleteUserNotFound" classname="testandohelper.UserManagerTest" time="0.007">
    <system-out><![CDATA[Usuario añadido: Alice
]]></system-out>
  </testcase>
</testsuite>